../../VS_OUTPUT/debug\RC_UI_MainFrame.ilk
../../VS_OUTPUT/debug\RC_UI_MainFrame.pdb
E:\Kean\Framework\RC_Framwork\RC_UI_MainFrame\../../VS_OUTPUT/debug\RC_UI_MainFrame.dll
E:\KEAN\FRAMEWORK\RC_FRAMWORK\RC_UI_MAINFRAME\GENERATEDFILES\DEBUG\MOC_CMAINWINDOW.CPP
E:\KEAN\FRAMEWORK\RC_FRAMWORK\RC_UI_MAINFRAME\GENERATEDFILES\DEBUG\MOC_CNOTITLEBARDOCKWIDGET.CPP
E:\KEAN\FRAMEWORK\RC_FRAMWORK\RC_UI_MAINFRAME\WIN32\DEBUG\CCONFIG.OBJ
E:\KEAN\FRAMEWORK\RC_FRAMWORK\RC_UI_MAINFRAME\WIN32\DEBUG\CCONFIGBASE.OBJ
E:\Kean\Framework\RC_Framwork\RC_UI_MainFrame\Win32\Debug\cl.command.1.tlog
E:\Kean\Framework\RC_Framwork\RC_UI_MainFrame\Win32\Debug\CL.read.1.tlog
E:\Kean\Framework\RC_Framwork\RC_UI_MainFrame\Win32\Debug\CL.write.1.tlog
E:\KEAN\FRAMEWORK\RC_FRAMWORK\RC_UI_MAINFRAME\WIN32\DEBUG\CMAINWINDOW.OBJ
E:\KEAN\FRAMEWORK\RC_FRAMWORK\RC_UI_MAINFRAME\WIN32\DEBUG\CMODULE.OBJ
E:\KEAN\FRAMEWORK\RC_FRAMWORK\RC_UI_MAINFRAME\WIN32\DEBUG\CMODULEBASE.OBJ
E:\KEAN\FRAMEWORK\RC_FRAMWORK\RC_UI_MAINFRAME\WIN32\DEBUG\CNOTITLEBARDOCKWIDGET.OBJ
E:\KEAN\FRAMEWORK\RC_FRAMWORK\RC_UI_MAINFRAME\WIN32\DEBUG\CSERVICE.OBJ
E:\Kean\Framework\RC_Framwork\RC_UI_MainFrame\Win32\Debug\custombuild.command.1.tlog
E:\Kean\Framework\RC_Framwork\RC_UI_MainFrame\Win32\Debug\custombuild.read.1.tlog
E:\Kean\Framework\RC_Framwork\RC_UI_MainFrame\Win32\Debug\custombuild.write.1.tlog
E:\Kean\Framework\RC_Framwork\RC_UI_MainFrame\Win32\Debug\link.command.1.tlog
E:\Kean\Framework\RC_Framwork\RC_UI_MainFrame\Win32\Debug\link.read.1.tlog
E:\Kean\Framework\RC_Framwork\RC_UI_MainFrame\Win32\Debug\link.write.1.tlog
E:\KEAN\FRAMEWORK\RC_FRAMWORK\RC_UI_MAINFRAME\WIN32\DEBUG\MOC_CMAINWINDOW.OBJ
E:\KEAN\FRAMEWORK\RC_FRAMWORK\RC_UI_MAINFRAME\WIN32\DEBUG\MOC_CNOTITLEBARDOCKWIDGET.OBJ
E:\Kean\Framework\RC_Framwork\RC_UI_MainFrame\Win32\Debug\mt.command.1.tlog
E:\Kean\Framework\RC_Framwork\RC_UI_MainFrame\Win32\Debug\mt.read.1.tlog
E:\Kean\Framework\RC_Framwork\RC_UI_MainFrame\Win32\Debug\mt.write.1.tlog
E:\KEAN\FRAMEWORK\RC_FRAMWORK\RC_UI_MAINFRAME\WIN32\DEBUG\RC_UI_MAINFRAME.DLL.INTERMEDIATE.MANIFEST
E:\Kean\Framework\RC_Framwork\RC_UI_MainFrame\Win32\Debug\RC_UI_MainFrame.write.1.tlog
E:\KEAN\FRAMEWORK\RC_FRAMWORK\RC_UI_MAINFRAME\WIN32\DEBUG\VC100.PDB
E:\KEAN\FRAMEWORK\VS_OUTPUT\DEBUG\RC_UI_MAINFRAME.DLL
E:\Kean\Framework\VS_OUTPUT\debug\RC_UI_MainFrame.exp
E:\KEAN\FRAMEWORK\VS_OUTPUT\DEBUG\RC_UI_MAINFRAME.ILK
E:\Kean\Framework\VS_OUTPUT\debug\RC_UI_MainFrame.lib
E:\KEAN\FRAMEWORK\VS_OUTPUT\DEBUG\RC_UI_MAINFRAME.PDB
