../../VS_OUTPUT/debug\RC_Platform.ilk
../../VS_OUTPUT/debug\RC_Platform.pdb
E:\Kean\Project\Framework\RC_Framwork\RC_Platform\../../VS_OUTPUT/debug\RC_Platform.dll
E:\KEAN\PROJECT\FRAMEWORK\RC_FRAMWORK\RC_PLATFORM\WIN32\DEBUG\CCONFIG.OBJ
E:\KEAN\PROJECT\FRAMEWORK\RC_FRAMWORK\RC_PLATFORM\WIN32\DEBUG\CCONFIGBASE.OBJ
E:\Kean\Project\Framework\RC_Framwork\RC_Platform\Win32\Debug\cl.command.1.tlog
E:\Kean\Project\Framework\RC_Framwork\RC_Platform\Win32\Debug\CL.read.1.tlog
E:\Kean\Project\Framework\RC_Framwork\RC_Platform\Win32\Debug\CL.write.1.tlog
E:\KEAN\PROJECT\FRAMEWORK\RC_FRAMWORK\RC_PLATFORM\WIN32\DEBUG\CMODULE.OBJ
E:\KEAN\PROJECT\FRAMEWORK\RC_FRAMWORK\RC_PLATFORM\WIN32\DEBUG\CMODULEBASE.OBJ
E:\KEAN\PROJECT\FRAMEWORK\RC_FRAMWORK\RC_PLATFORM\WIN32\DEBUG\COBJECTMANAGER.OBJ
E:\KEAN\PROJECT\FRAMEWORK\RC_FRAMWORK\RC_PLATFORM\WIN32\DEBUG\CSERVICE.OBJ
E:\Kean\Project\Framework\RC_Framwork\RC_Platform\Win32\Debug\link.command.1.tlog
E:\Kean\Project\Framework\RC_Framwork\RC_Platform\Win32\Debug\link.read.1.tlog
E:\Kean\Project\Framework\RC_Framwork\RC_Platform\Win32\Debug\link.write.1.tlog
E:\Kean\Project\Framework\RC_Framwork\RC_Platform\Win32\Debug\mt.command.1.tlog
E:\Kean\Project\Framework\RC_Framwork\RC_Platform\Win32\Debug\mt.read.1.tlog
E:\Kean\Project\Framework\RC_Framwork\RC_Platform\Win32\Debug\mt.write.1.tlog
E:\KEAN\PROJECT\FRAMEWORK\RC_FRAMWORK\RC_PLATFORM\WIN32\DEBUG\RC_PLATFORM.DLL.INTERMEDIATE.MANIFEST
E:\Kean\Project\Framework\RC_Framwork\RC_Platform\Win32\Debug\RC_Platform.write.1.tlog
E:\KEAN\PROJECT\FRAMEWORK\RC_FRAMWORK\RC_PLATFORM\WIN32\DEBUG\VC100.PDB
E:\KEAN\PROJECT\FRAMEWORK\VS_OUTPUT\DEBUG\RC_PLATFORM.DLL
E:\Kean\Project\Framework\VS_OUTPUT\debug\RC_Platform.exp
E:\KEAN\PROJECT\FRAMEWORK\VS_OUTPUT\DEBUG\RC_PLATFORM.ILK
E:\Kean\Project\Framework\VS_OUTPUT\debug\RC_Platform.lib
E:\KEAN\PROJECT\FRAMEWORK\VS_OUTPUT\DEBUG\RC_PLATFORM.PDB
