生成启动时间为 2016/3/3 16:45:32。
     1>项目“E:\Kean\Framework\RC_Framwork\RC_Platform\RC_Platform.vcxproj”在节点 2 上(build 个目标)。
     1>InitializeBuildStatus:
         正在创建“Win32\Debug\RC_Platform.unsuccessfulbuild”，因为已指定“AlwaysCreate”。
       ClCompile:
         所有输出均为最新。
       Link:
         所有输出均为最新。
         RC_Platform.vcxproj -> E:\Kean\Framework\RC_Framwork\RC_Platform\../../VS_OUTPUT/debug\RC_Platform.dll
       PostBuildEvent:
         Description: Copy RC_Platform.dll to ..\Debug
         copy  "E:\Kean\Framework\RC_Framwork\RC_Platform\../../VS_OUTPUT/debug\RC_Platform.dll" "..\Debug"
         :VCEnd
         已复制         1 个文件。
       FinalizeBuildStatus:
         正在删除文件“Win32\Debug\RC_Platform.unsuccessfulbuild”。
         正在对“Win32\Debug\RC_Platform.lastbuildstate”执行 Touch 任务。
     1>已完成生成项目“E:\Kean\Framework\RC_Framwork\RC_Platform\RC_Platform.vcxproj”(build 个目标)的操作。

生成成功。

已用时间 00:00:05.54
