../../VS_OUTPUT/debug\RC_UI_Template.ilk
../../VS_OUTPUT/debug\RC_UI_Template.pdb
E:\Kean\Project\Framework\RC_Framwork\RC_UI_Template\../../VS_OUTPUT/debug\RC_UI_Template.dll
E:\KEAN\PROJECT\FRAMEWORK\RC_FRAMWORK\RC_UI_TEMPLATE\GENERATEDFILES\DEBUG\MOC_CMAINWINDOW.CPP
E:\KEAN\PROJECT\FRAMEWORK\RC_FRAMWORK\RC_UI_TEMPLATE\WIN32\DEBUG\CCONFIG.OBJ
E:\KEAN\PROJECT\FRAMEWORK\RC_FRAMWORK\RC_UI_TEMPLATE\WIN32\DEBUG\CCONFIGBASE.OBJ
E:\Kean\Project\Framework\RC_Framwork\RC_UI_Template\Win32\Debug\cl.command.1.tlog
E:\Kean\Project\Framework\RC_Framwork\RC_UI_Template\Win32\Debug\CL.read.1.tlog
E:\Kean\Project\Framework\RC_Framwork\RC_UI_Template\Win32\Debug\CL.write.1.tlog
E:\KEAN\PROJECT\FRAMEWORK\RC_FRAMWORK\RC_UI_TEMPLATE\WIN32\DEBUG\CMAINWINDOW.OBJ
E:\KEAN\PROJECT\FRAMEWORK\RC_FRAMWORK\RC_UI_TEMPLATE\WIN32\DEBUG\CMODULE.OBJ
E:\KEAN\PROJECT\FRAMEWORK\RC_FRAMWORK\RC_UI_TEMPLATE\WIN32\DEBUG\CMODULEBASE.OBJ
E:\KEAN\PROJECT\FRAMEWORK\RC_FRAMWORK\RC_UI_TEMPLATE\WIN32\DEBUG\CSERVICE.OBJ
E:\Kean\Project\Framework\RC_Framwork\RC_UI_Template\Win32\Debug\custombuild.command.1.tlog
E:\Kean\Project\Framework\RC_Framwork\RC_UI_Template\Win32\Debug\custombuild.read.1.tlog
E:\Kean\Project\Framework\RC_Framwork\RC_UI_Template\Win32\Debug\custombuild.write.1.tlog
E:\Kean\Project\Framework\RC_Framwork\RC_UI_Template\Win32\Debug\link.command.1.tlog
E:\Kean\Project\Framework\RC_Framwork\RC_UI_Template\Win32\Debug\link.read.1.tlog
E:\Kean\Project\Framework\RC_Framwork\RC_UI_Template\Win32\Debug\link.write.1.tlog
E:\KEAN\PROJECT\FRAMEWORK\RC_FRAMWORK\RC_UI_TEMPLATE\WIN32\DEBUG\MOC_CMAINWINDOW.OBJ
E:\Kean\Project\Framework\RC_Framwork\RC_UI_Template\Win32\Debug\mt.command.1.tlog
E:\Kean\Project\Framework\RC_Framwork\RC_UI_Template\Win32\Debug\mt.read.1.tlog
E:\Kean\Project\Framework\RC_Framwork\RC_UI_Template\Win32\Debug\mt.write.1.tlog
E:\KEAN\PROJECT\FRAMEWORK\RC_FRAMWORK\RC_UI_TEMPLATE\WIN32\DEBUG\RC_UI_TEMPLATE.DLL.INTERMEDIATE.MANIFEST
E:\Kean\Project\Framework\RC_Framwork\RC_UI_Template\Win32\Debug\RC_UI_Template.write.1.tlog
E:\KEAN\PROJECT\FRAMEWORK\RC_FRAMWORK\RC_UI_TEMPLATE\WIN32\DEBUG\VC100.PDB
E:\KEAN\PROJECT\FRAMEWORK\VS_OUTPUT\DEBUG\RC_UI_TEMPLATE.DLL
E:\Kean\Project\Framework\VS_OUTPUT\debug\RC_UI_Template.exp
E:\KEAN\PROJECT\FRAMEWORK\VS_OUTPUT\DEBUG\RC_UI_TEMPLATE.ILK
E:\Kean\Project\Framework\VS_OUTPUT\debug\RC_UI_Template.lib
E:\KEAN\PROJECT\FRAMEWORK\VS_OUTPUT\DEBUG\RC_UI_TEMPLATE.PDB
