生成启动时间为 2016/3/5 9:20:42。
     1>项目“E:\Kean\Project\Framework\RC_Framwork\RC_Application\RC_Application.vcxproj”在节点 2 上(build 个目标)。
     1>InitializeBuildStatus:
         正在创建“Win32\Debug\RC_Application.unsuccessfulbuild”，因为已指定“AlwaysCreate”。
       ClCompile:
         D:\Program Files (x86)\Microsoft Visual Studio 10.0\VC\bin\CL.exe /c /I..\RC_Global /I..\RC_Interface /ID:\Kean\tools\Qt\5.2.0\msvc2010_opengl\include /ID:\Kean\tools\Qt\5.2.0\msvc2010_opengl\include\QtWidgets /ID:\Kean\tools\Qt\5.2.0\msvc2010_opengl\include\QtXml /ID:\Kean\tools\Qt\5.2.0\msvc2010_opengl\include\QtGui /ID:\Kean\tools\Qt\5.2.0\msvc2010_opengl\include\QtCore /Idebug /I"D:\Kean\tools\Qt\5.2.0\msvc2010_opengl\mkspecs\win32-msvc2010" /Zi /nologo /W3 /WX- /Od /Oy- /D _WINDOWS /D UNICODE /D WIN32 /D QT_WIDGETS_LIB /D QT_XML_LIB /D QT_GUI_LIB /D QT_CORE_LIB /Gm- /EHsc /MDd /GS /fp:precise /Zc:wchar_t /Zc:forScope /GR /Fo"Win32\Debug\\" /Fd"Win32\Debug\vc100.pdb" /Gd /TP /analyze- /errorReport:prompt CAppLauncher.cpp CConfig.cpp ..\RC_Global\CConfigBase.cpp main.cpp -Zm200 -w34100 -w34189 
         CAppLauncher.cpp
     1>CAppLauncher.cpp : warning C4819: 该文件包含不能在当前代码页(936)中表示的字符。请将该文件保存为 Unicode 格式以防止数据丢失
     1>e:\kean\project\framework\rc_framwork\rc_application\CAppLauncher.h : warning C4819: 该文件包含不能在当前代码页(936)中表示的字符。请将该文件保存为 Unicode 格式以防止数据丢失
     1>e:\kean\project\framework\rc_framwork\rc_application\CConfig.h : warning C4819: 该文件包含不能在当前代码页(936)中表示的字符。请将该文件保存为 Unicode 格式以防止数据丢失
     1>E:\Kean\Project\Framework\RC_Framwork\RC_Global\CConfigBase.h : warning C4819: 该文件包含不能在当前代码页(936)中表示的字符。请将该文件保存为 Unicode 格式以防止数据丢失
     1>e:\kean\project\framework\rc_framwork\rc_application\CConfig.h(4): warning C4099: “CConfig”: 类型名称以前使用“struct”现在使用的是“class”
                 e:\kean\project\framework\rc_framwork\rc_application\CAppLauncher.h(4) : 参见“CConfig”的声明
     1>E:\Kean\Project\Framework\RC_Framwork\RC_Interface\IModule.h : warning C4819: 该文件包含不能在当前代码页(936)中表示的字符。请将该文件保存为 Unicode 格式以防止数据丢失
     1>E:\Kean\Project\Framework\RC_Framwork\RC_Interface\IService.h : warning C4819: 该文件包含不能在当前代码页(936)中表示的字符。请将该文件保存为 Unicode 格式以防止数据丢失
     1>E:\Kean\Project\Framework\RC_Framwork\RC_Interface\IService.h(4): warning C4099: “IModule”: 类型名称以前使用“struct”现在使用的是“class”
                 E:\Kean\Project\Framework\RC_Framwork\RC_Interface\IModule.h(5) : 参见“IModule”的声明
         CConfig.cpp
     1>CConfig.cpp : warning C4819: 该文件包含不能在当前代码页(936)中表示的字符。请将该文件保存为 Unicode 格式以防止数据丢失
     1>e:\kean\project\framework\rc_framwork\rc_application\CConfig.h : warning C4819: 该文件包含不能在当前代码页(936)中表示的字符。请将该文件保存为 Unicode 格式以防止数据丢失
     1>E:\Kean\Project\Framework\RC_Framwork\RC_Global\CConfigBase.h : warning C4819: 该文件包含不能在当前代码页(936)中表示的字符。请将该文件保存为 Unicode 格式以防止数据丢失
         CConfigBase.cpp
     1>e:\kean\project\framework\rc_framwork\rc_global\CConfigBase.h : warning C4819: 该文件包含不能在当前代码页(936)中表示的字符。请将该文件保存为 Unicode 格式以防止数据丢失
     1>..\RC_Global\CConfigBase.cpp(45): warning C4100: “root”: 未引用的形参
         main.cpp
     1>e:\kean\project\framework\rc_framwork\rc_application\CAppLauncher.h : warning C4819: 该文件包含不能在当前代码页(936)中表示的字符。请将该文件保存为 Unicode 格式以防止数据丢失
     1>e:\kean\project\framework\rc_framwork\rc_application\CConfig.h : warning C4819: 该文件包含不能在当前代码页(936)中表示的字符。请将该文件保存为 Unicode 格式以防止数据丢失
     1>E:\Kean\Project\Framework\RC_Framwork\RC_Global\CConfigBase.h : warning C4819: 该文件包含不能在当前代码页(936)中表示的字符。请将该文件保存为 Unicode 格式以防止数据丢失
     1>e:\kean\project\framework\rc_framwork\rc_application\CConfig.h(4): warning C4099: “CConfig”: 类型名称以前使用“struct”现在使用的是“class”
                 e:\kean\project\framework\rc_framwork\rc_application\CAppLauncher.h(4) : 参见“CConfig”的声明
         正在生成代码...
       Link:
         D:\Program Files (x86)\Microsoft Visual Studio 10.0\VC\bin\link.exe /ERRORREPORT:PROMPT /OUT:"../../VS_OUTPUT/debug\\RC_Application.exe" /NOLOGO /LIBPATH:D:\Kean\tools\Qt\5.2.0\msvc2010_opengl\lib /LIBPATH:D:\Kean\tools\Qt\5.2.0\msvc2010_opengl\lib glu32.lib opengl32.lib gdi32.lib user32.lib qtmaind.lib D:\Kean\tools\Qt\5.2.0\msvc2010_opengl\lib\Qt5Widgetsd.lib D:\Kean\tools\Qt\5.2.0\msvc2010_opengl\lib\Qt5Xmld.lib D:\Kean\tools\Qt\5.2.0\msvc2010_opengl\lib\Qt5Guid.lib D:\Kean\tools\Qt\5.2.0\msvc2010_opengl\lib\Qt5Cored.lib kernel32.lib user32.lib gdi32.lib winspool.lib comdlg32.lib advapi32.lib shell32.lib ole32.lib oleaut32.lib uuid.lib odbc32.lib odbccp32.lib /MANIFEST /ManifestFile:"Win32\Debug\RC_Application.exe.intermediate.manifest" /MANIFESTUAC:"level='asInvoker' uiAccess='false'" /DEBUG /PDB:"E:\Kean\Project\Framework\VS_OUTPUT\debug\RC_Application.pdb" /SUBSYSTEM:WINDOWS /TLBID:1 /DYNAMICBASE /NXCOMPAT /MACHINE:X86 Win32\Debug\CAppLauncher.obj
         Win32\Debug\CConfig.obj
         Win32\Debug\CConfigBase.obj
         Win32\Debug\main.obj "/MANIFESTDEPENDENCY:type='win32' name='Microsoft.Windows.Common-Controls' version='6.0.0.0' publicKeyToken='6595b64144ccf1df' language='*' processorArchitecture='*'" 
         RC_Application.vcxproj -> E:\Kean\Project\Framework\RC_Framwork\RC_Application\../../VS_OUTPUT/debug\RC_Application.exe
       Manifest:
         C:\Program Files (x86)\Microsoft SDKs\Windows\v7.0A\bin\mt.exe /nologo /verbose /outputresource:"../../VS_OUTPUT/debug\\RC_Application.exe;#1" /manifest Win32\Debug\RC_Application.exe.intermediate.manifest
       FinalizeBuildStatus:
         正在删除文件“Win32\Debug\RC_Application.unsuccessfulbuild”。
         正在对“Win32\Debug\RC_Application.lastbuildstate”执行 Touch 任务。
     1>已完成生成项目“E:\Kean\Project\Framework\RC_Framwork\RC_Application\RC_Application.vcxproj”(build 个目标)的操作。

生成成功。

已用时间 00:00:04.45
