../../VS_OUTPUT/debug\RC_Application.ilk
../../VS_OUTPUT/debug\RC_Application.pdb
E:\Kean\Project\Framework\RC_Framwork\RC_Application\../../VS_OUTPUT/debug\RC_Application.exe
E:\KEAN\PROJECT\FRAMEWORK\RC_FRAMWORK\RC_APPLICATION\WIN32\DEBUG\CAPPLAUNCHER.OBJ
E:\KEAN\PROJECT\FRAMEWORK\RC_FRAMWORK\RC_APPLICATION\WIN32\DEBUG\CCONFIG.OBJ
E:\KEAN\PROJECT\FRAMEWORK\RC_FRAMWORK\RC_APPLICATION\WIN32\DEBUG\CCONFIGBASE.OBJ
E:\Kean\Project\Framework\RC_Framwork\RC_Application\Win32\Debug\cl.command.1.tlog
E:\Kean\Project\Framework\RC_Framwork\RC_Application\Win32\Debug\CL.read.1.tlog
E:\Kean\Project\Framework\RC_Framwork\RC_Application\Win32\Debug\CL.write.1.tlog
E:\Kean\Project\Framework\RC_Framwork\RC_Application\Win32\Debug\link.command.1.tlog
E:\Kean\Project\Framework\RC_Framwork\RC_Application\Win32\Debug\link.read.1.tlog
E:\Kean\Project\Framework\RC_Framwork\RC_Application\Win32\Debug\link.write.1.tlog
E:\KEAN\PROJECT\FRAMEWORK\RC_FRAMWORK\RC_APPLICATION\WIN32\DEBUG\MAIN.OBJ
E:\Kean\Project\Framework\RC_Framwork\RC_Application\Win32\Debug\mt.command.1.tlog
E:\Kean\Project\Framework\RC_Framwork\RC_Application\Win32\Debug\mt.read.1.tlog
E:\Kean\Project\Framework\RC_Framwork\RC_Application\Win32\Debug\mt.write.1.tlog
E:\KEAN\PROJECT\FRAMEWORK\RC_FRAMWORK\RC_APPLICATION\WIN32\DEBUG\RC_APPLICATION.EXE.INTERMEDIATE.MANIFEST
E:\KEAN\PROJECT\FRAMEWORK\RC_FRAMWORK\RC_APPLICATION\WIN32\DEBUG\VC100.PDB
E:\KEAN\PROJECT\FRAMEWORK\VS_OUTPUT\DEBUG\RC_APPLICATION.EXE
E:\KEAN\PROJECT\FRAMEWORK\VS_OUTPUT\DEBUG\RC_APPLICATION.ILK
E:\KEAN\PROJECT\FRAMEWORK\VS_OUTPUT\DEBUG\RC_APPLICATION.PDB
