../../VS_OUTPUT/debug\RC_DTL_TCPClient.ilk
../../VS_OUTPUT/debug\RC_DTL_TCPClient.pdb
E:\Kean\Project\Framework\RC_Framwork\RC_DTL_TCPClient\../../VS_OUTPUT/debug\RC_DTL_TCPClient.dll
E:\KEAN\PROJECT\FRAMEWORK\RC_FRAMWORK\RC_DTL_TCPCLIENT\GENERATEDFILES\DEBUG\MOC_CTCPCLIENT.CPP
E:\KEAN\PROJECT\FRAMEWORK\RC_FRAMWORK\RC_DTL_TCPCLIENT\WIN32\DEBUG\CCONFIG.OBJ
E:\KEAN\PROJECT\FRAMEWORK\RC_FRAMWORK\RC_DTL_TCPCLIENT\WIN32\DEBUG\CCONFIGBASE.OBJ
E:\Kean\Project\Framework\RC_Framwork\RC_DTL_TCPClient\Win32\Debug\cl.command.1.tlog
E:\Kean\Project\Framework\RC_Framwork\RC_DTL_TCPClient\Win32\Debug\CL.read.1.tlog
E:\Kean\Project\Framework\RC_Framwork\RC_DTL_TCPClient\Win32\Debug\CL.write.1.tlog
E:\KEAN\PROJECT\FRAMEWORK\RC_FRAMWORK\RC_DTL_TCPCLIENT\WIN32\DEBUG\CMODULE.OBJ
E:\KEAN\PROJECT\FRAMEWORK\RC_FRAMWORK\RC_DTL_TCPCLIENT\WIN32\DEBUG\CMODULEBASE.OBJ
E:\KEAN\PROJECT\FRAMEWORK\RC_FRAMWORK\RC_DTL_TCPCLIENT\WIN32\DEBUG\CSERVICE.OBJ
E:\KEAN\PROJECT\FRAMEWORK\RC_FRAMWORK\RC_DTL_TCPCLIENT\WIN32\DEBUG\CTCPCLIENT.OBJ
E:\Kean\Project\Framework\RC_Framwork\RC_DTL_TCPClient\Win32\Debug\custombuild.command.1.tlog
E:\Kean\Project\Framework\RC_Framwork\RC_DTL_TCPClient\Win32\Debug\custombuild.read.1.tlog
E:\Kean\Project\Framework\RC_Framwork\RC_DTL_TCPClient\Win32\Debug\custombuild.write.1.tlog
E:\Kean\Project\Framework\RC_Framwork\RC_DTL_TCPClient\Win32\Debug\link.command.1.tlog
E:\Kean\Project\Framework\RC_Framwork\RC_DTL_TCPClient\Win32\Debug\link.read.1.tlog
E:\Kean\Project\Framework\RC_Framwork\RC_DTL_TCPClient\Win32\Debug\link.write.1.tlog
E:\KEAN\PROJECT\FRAMEWORK\RC_FRAMWORK\RC_DTL_TCPCLIENT\WIN32\DEBUG\MOC_CTCPCLIENT.OBJ
E:\Kean\Project\Framework\RC_Framwork\RC_DTL_TCPClient\Win32\Debug\mt.command.1.tlog
E:\Kean\Project\Framework\RC_Framwork\RC_DTL_TCPClient\Win32\Debug\mt.read.1.tlog
E:\Kean\Project\Framework\RC_Framwork\RC_DTL_TCPClient\Win32\Debug\mt.write.1.tlog
E:\KEAN\PROJECT\FRAMEWORK\RC_FRAMWORK\RC_DTL_TCPCLIENT\WIN32\DEBUG\RC_DTL_TCPCLIENT.DLL.INTERMEDIATE.MANIFEST
E:\Kean\Project\Framework\RC_Framwork\RC_DTL_TCPClient\Win32\Debug\RC_DTL_TCPClient.write.1.tlog
E:\KEAN\PROJECT\FRAMEWORK\RC_FRAMWORK\RC_DTL_TCPCLIENT\WIN32\DEBUG\VC100.PDB
E:\KEAN\PROJECT\FRAMEWORK\VS_OUTPUT\DEBUG\RC_DTL_TCPCLIENT.DLL
E:\Kean\Project\Framework\VS_OUTPUT\debug\RC_DTL_TCPClient.exp
E:\KEAN\PROJECT\FRAMEWORK\VS_OUTPUT\DEBUG\RC_DTL_TCPCLIENT.ILK
E:\Kean\Project\Framework\VS_OUTPUT\debug\RC_DTL_TCPClient.lib
E:\KEAN\PROJECT\FRAMEWORK\VS_OUTPUT\DEBUG\RC_DTL_TCPCLIENT.PDB
