../../VS_OUTPUT/debug\RC_Template.ilk
../../VS_OUTPUT/debug\RC_Template.pdb
E:\Kean\Project\Framework\RC_Framwork\RC_Template\../../VS_OUTPUT/debug\RC_Template.dll
E:\KEAN\PROJECT\FRAMEWORK\RC_FRAMWORK\RC_TEMPLATE\WIN32\DEBUG\CCONFIG.OBJ
E:\KEAN\PROJECT\FRAMEWORK\RC_FRAMWORK\RC_TEMPLATE\WIN32\DEBUG\CCONFIGBASE.OBJ
E:\Kean\Project\Framework\RC_Framwork\RC_Template\Win32\Debug\cl.command.1.tlog
E:\Kean\Project\Framework\RC_Framwork\RC_Template\Win32\Debug\CL.read.1.tlog
E:\Kean\Project\Framework\RC_Framwork\RC_Template\Win32\Debug\CL.write.1.tlog
E:\KEAN\PROJECT\FRAMEWORK\RC_FRAMWORK\RC_TEMPLATE\WIN32\DEBUG\CMODULE.OBJ
E:\KEAN\PROJECT\FRAMEWORK\RC_FRAMWORK\RC_TEMPLATE\WIN32\DEBUG\CMODULEBASE.OBJ
E:\KEAN\PROJECT\FRAMEWORK\RC_FRAMWORK\RC_TEMPLATE\WIN32\DEBUG\CSERVICE.OBJ
E:\Kean\Project\Framework\RC_Framwork\RC_Template\Win32\Debug\link.command.1.tlog
E:\Kean\Project\Framework\RC_Framwork\RC_Template\Win32\Debug\link.read.1.tlog
E:\Kean\Project\Framework\RC_Framwork\RC_Template\Win32\Debug\link.write.1.tlog
E:\Kean\Project\Framework\RC_Framwork\RC_Template\Win32\Debug\mt.command.1.tlog
E:\Kean\Project\Framework\RC_Framwork\RC_Template\Win32\Debug\mt.read.1.tlog
E:\Kean\Project\Framework\RC_Framwork\RC_Template\Win32\Debug\mt.write.1.tlog
E:\KEAN\PROJECT\FRAMEWORK\RC_FRAMWORK\RC_TEMPLATE\WIN32\DEBUG\RC_TEMPLATE.DLL.INTERMEDIATE.MANIFEST
E:\Kean\Project\Framework\RC_Framwork\RC_Template\Win32\Debug\RC_Template.write.1.tlog
E:\KEAN\PROJECT\FRAMEWORK\RC_FRAMWORK\RC_TEMPLATE\WIN32\DEBUG\VC100.PDB
E:\KEAN\PROJECT\FRAMEWORK\VS_OUTPUT\DEBUG\RC_TEMPLATE.DLL
E:\Kean\Project\Framework\VS_OUTPUT\debug\RC_Template.exp
E:\KEAN\PROJECT\FRAMEWORK\VS_OUTPUT\DEBUG\RC_TEMPLATE.ILK
E:\Kean\Project\Framework\VS_OUTPUT\debug\RC_Template.lib
E:\KEAN\PROJECT\FRAMEWORK\VS_OUTPUT\DEBUG\RC_TEMPLATE.PDB
