../../VS_OUTPUT/debug\RC_DTL_TCPServer.ilk
../../VS_OUTPUT/debug\RC_DTL_TCPServer.pdb
E:\Kean\Project\Framework\RC_Framwork\RC_DTL_TCPServer\../../VS_OUTPUT/debug\RC_DTL_TCPServer.dll
E:\KEAN\PROJECT\FRAMEWORK\RC_FRAMWORK\RC_DTL_TCPSERVER\GENERATEDFILES\DEBUG\MOC_CTCPSERVER.CPP
E:\KEAN\PROJECT\FRAMEWORK\RC_FRAMWORK\RC_DTL_TCPSERVER\GENERATEDFILES\DEBUG\MOC_CWORKTHREAD.CPP
E:\KEAN\PROJECT\FRAMEWORK\RC_FRAMWORK\RC_DTL_TCPSERVER\WIN32\DEBUG\CCONFIG.OBJ
E:\KEAN\PROJECT\FRAMEWORK\RC_FRAMWORK\RC_DTL_TCPSERVER\WIN32\DEBUG\CCONFIGBASE.OBJ
E:\Kean\Project\Framework\RC_Framwork\RC_DTL_TCPServer\Win32\Debug\cl.command.1.tlog
E:\Kean\Project\Framework\RC_Framwork\RC_DTL_TCPServer\Win32\Debug\CL.read.1.tlog
E:\Kean\Project\Framework\RC_Framwork\RC_DTL_TCPServer\Win32\Debug\CL.write.1.tlog
E:\KEAN\PROJECT\FRAMEWORK\RC_FRAMWORK\RC_DTL_TCPSERVER\WIN32\DEBUG\CMODULE.OBJ
E:\KEAN\PROJECT\FRAMEWORK\RC_FRAMWORK\RC_DTL_TCPSERVER\WIN32\DEBUG\CMODULEBASE.OBJ
E:\KEAN\PROJECT\FRAMEWORK\RC_FRAMWORK\RC_DTL_TCPSERVER\WIN32\DEBUG\CSERVICE.OBJ
E:\KEAN\PROJECT\FRAMEWORK\RC_FRAMWORK\RC_DTL_TCPSERVER\WIN32\DEBUG\CTCPSERVER.OBJ
E:\Kean\Project\Framework\RC_Framwork\RC_DTL_TCPServer\Win32\Debug\custombuild.command.1.tlog
E:\Kean\Project\Framework\RC_Framwork\RC_DTL_TCPServer\Win32\Debug\custombuild.read.1.tlog
E:\Kean\Project\Framework\RC_Framwork\RC_DTL_TCPServer\Win32\Debug\custombuild.write.1.tlog
E:\KEAN\PROJECT\FRAMEWORK\RC_FRAMWORK\RC_DTL_TCPSERVER\WIN32\DEBUG\CWORKTHREAD.OBJ
E:\Kean\Project\Framework\RC_Framwork\RC_DTL_TCPServer\Win32\Debug\link.command.1.tlog
E:\Kean\Project\Framework\RC_Framwork\RC_DTL_TCPServer\Win32\Debug\link.read.1.tlog
E:\Kean\Project\Framework\RC_Framwork\RC_DTL_TCPServer\Win32\Debug\link.write.1.tlog
E:\KEAN\PROJECT\FRAMEWORK\RC_FRAMWORK\RC_DTL_TCPSERVER\WIN32\DEBUG\MOC_CTCPSERVER.OBJ
E:\KEAN\PROJECT\FRAMEWORK\RC_FRAMWORK\RC_DTL_TCPSERVER\WIN32\DEBUG\MOC_CWORKTHREAD.OBJ
E:\Kean\Project\Framework\RC_Framwork\RC_DTL_TCPServer\Win32\Debug\mt.command.1.tlog
E:\Kean\Project\Framework\RC_Framwork\RC_DTL_TCPServer\Win32\Debug\mt.read.1.tlog
E:\Kean\Project\Framework\RC_Framwork\RC_DTL_TCPServer\Win32\Debug\mt.write.1.tlog
E:\KEAN\PROJECT\FRAMEWORK\RC_FRAMWORK\RC_DTL_TCPSERVER\WIN32\DEBUG\RC_DTL_TCPSERVER.DLL.INTERMEDIATE.MANIFEST
E:\Kean\Project\Framework\RC_Framwork\RC_DTL_TCPServer\Win32\Debug\RC_DTL_TCPServer.write.1.tlog
E:\KEAN\PROJECT\FRAMEWORK\RC_FRAMWORK\RC_DTL_TCPSERVER\WIN32\DEBUG\VC100.PDB
E:\KEAN\PROJECT\FRAMEWORK\VS_OUTPUT\DEBUG\RC_DTL_TCPSERVER.DLL
E:\Kean\Project\Framework\VS_OUTPUT\debug\RC_DTL_TCPServer.exp
E:\KEAN\PROJECT\FRAMEWORK\VS_OUTPUT\DEBUG\RC_DTL_TCPSERVER.ILK
E:\Kean\Project\Framework\VS_OUTPUT\debug\RC_DTL_TCPServer.lib
E:\KEAN\PROJECT\FRAMEWORK\VS_OUTPUT\DEBUG\RC_DTL_TCPSERVER.PDB
