../../VS_OUTPUT/debug\SX_RC_CTRL.ilk
../../VS_OUTPUT/debug\SX_RC_CTRL.pdb
E:\Kean\Project\Framework\RC_Framwork\SX_RC_CTRL\../../VS_OUTPUT/debug\SX_RC_CTRL.dll
E:\KEAN\PROJECT\FRAMEWORK\RC_FRAMWORK\SX_RC_CTRL\GENERATEDFILES\DEBUG\MOC_CTCPCLIENT.CPP
E:\KEAN\PROJECT\FRAMEWORK\RC_FRAMWORK\SX_RC_CTRL\WIN32\DEBUG\CCONFIG.OBJ
E:\KEAN\PROJECT\FRAMEWORK\RC_FRAMWORK\SX_RC_CTRL\WIN32\DEBUG\CCONFIGBASE.OBJ
E:\Kean\Project\Framework\RC_Framwork\SX_RC_CTRL\Win32\Debug\cl.command.1.tlog
E:\Kean\Project\Framework\RC_Framwork\SX_RC_CTRL\Win32\Debug\CL.read.1.tlog
E:\Kean\Project\Framework\RC_Framwork\SX_RC_CTRL\Win32\Debug\CL.write.1.tlog
E:\KEAN\PROJECT\FRAMEWORK\RC_FRAMWORK\SX_RC_CTRL\WIN32\DEBUG\CMODULE.OBJ
E:\KEAN\PROJECT\FRAMEWORK\RC_FRAMWORK\SX_RC_CTRL\WIN32\DEBUG\CMODULEBASE.OBJ
E:\KEAN\PROJECT\FRAMEWORK\RC_FRAMWORK\SX_RC_CTRL\WIN32\DEBUG\CSERVICE.OBJ
E:\KEAN\PROJECT\FRAMEWORK\RC_FRAMWORK\SX_RC_CTRL\WIN32\DEBUG\CTCPCLIENT.OBJ
E:\Kean\Project\Framework\RC_Framwork\SX_RC_CTRL\Win32\Debug\custombuild.command.1.tlog
E:\Kean\Project\Framework\RC_Framwork\SX_RC_CTRL\Win32\Debug\custombuild.read.1.tlog
E:\Kean\Project\Framework\RC_Framwork\SX_RC_CTRL\Win32\Debug\custombuild.write.1.tlog
E:\Kean\Project\Framework\RC_Framwork\SX_RC_CTRL\Win32\Debug\link.command.1.tlog
E:\Kean\Project\Framework\RC_Framwork\SX_RC_CTRL\Win32\Debug\link.read.1.tlog
E:\Kean\Project\Framework\RC_Framwork\SX_RC_CTRL\Win32\Debug\link.write.1.tlog
E:\KEAN\PROJECT\FRAMEWORK\RC_FRAMWORK\SX_RC_CTRL\WIN32\DEBUG\MOC_CTCPCLIENT.OBJ
E:\Kean\Project\Framework\RC_Framwork\SX_RC_CTRL\Win32\Debug\mt.command.1.tlog
E:\Kean\Project\Framework\RC_Framwork\SX_RC_CTRL\Win32\Debug\mt.read.1.tlog
E:\Kean\Project\Framework\RC_Framwork\SX_RC_CTRL\Win32\Debug\mt.write.1.tlog
E:\KEAN\PROJECT\FRAMEWORK\RC_FRAMWORK\SX_RC_CTRL\WIN32\DEBUG\SX_RC_CTRL.DLL.INTERMEDIATE.MANIFEST
E:\Kean\Project\Framework\RC_Framwork\SX_RC_CTRL\Win32\Debug\SX_RC_CTRL.write.1.tlog
E:\KEAN\PROJECT\FRAMEWORK\RC_FRAMWORK\SX_RC_CTRL\WIN32\DEBUG\VC100.PDB
E:\KEAN\PROJECT\FRAMEWORK\VS_OUTPUT\DEBUG\SX_RC_CTRL.DLL
E:\Kean\Project\Framework\VS_OUTPUT\debug\SX_RC_CTRL.exp
E:\KEAN\PROJECT\FRAMEWORK\VS_OUTPUT\DEBUG\SX_RC_CTRL.ILK
E:\Kean\Project\Framework\VS_OUTPUT\debug\SX_RC_CTRL.lib
E:\KEAN\PROJECT\FRAMEWORK\VS_OUTPUT\DEBUG\SX_RC_CTRL.PDB
